{
	"id": "170610",
	"key": "AC-5450",
	"fields": {
		"issuetype": {
			"id": "1",
			"description": "A problem which impairs or prevents the functions of the product.",
			"name": "Bug",
			"subtask": false
		},
		"project": {
			"id": "12217",
			"key": "AC",
			"name": "Appcelerator - INBOX",
			"projectCategory": {
				"id": "10000",
				"description": "",
				"name": "Customer Service"
			}
		},
		"resolution": {
			"id": "10000",
			"description": "",
			"name": "Done"
		},
		"resolutiondate": "2017-12-19T18:24:11.000+0000",
		"created": "2017-12-13T00:25:11.000+0000",
		"labels": [],
		"versions": [],
		"issuelinks": [],
		"assignee": {
			"name": "shossain",
			"key": "shossain",
			"displayName": "Shak Hossain",
			"active": false,
			"timeZone": "America/Los_Angeles"
		},
		"updated": "2017-12-19T18:24:11.000+0000",
		"status": {
			"description": "A resolution has been taken, and it is awaiting verification by reporter. From here issues are either reopened, or are closed.",
			"name": "Resolved",
			"id": "5",
			"statusCategory": {
				"id": 3,
				"key": "done",
				"colorName": "green",
				"name": "Done"
			}
		},
		"components": [
			{
				"id": "14551",
				"name": "Studio",
				"description": "Please enter tickets related to Titanium Studio here."
			}
		],
		"description": "Hello,\r\n\r\nIm having some major issues trying to upgrade one of my laptops to Studio 5 / SDK 7\r\n\r\nBiggest issue is that Studio refuses to recognize my Xcode installation.  on the IOS Home screen in preferences, refreshing does nothing, update opens the app store updates window.\r\n\r\nive uninstalled node, appcelerator a few times now, let studio install node, nothing works.\r\n\r\nIve included the studio log report as well as other installation information for your review. \r\n\r\nPlease advise.\r\n\r\nThanks,\r\nEric",
		"attachment": [
			{
				"id": "63831",
				"filename": "2017-12-18T21_24_02_490Z-debug.log",
				"author": {
					"name": "eric.harms@gmail.com",
					"key": "eric.harms@gmail.com",
					"displayName": "eric harms",
					"active": true,
					"timeZone": "America/Los_Angeles"
				},
				"created": "2017-12-18T21:32:20.000+0000",
				"size": 419366,
				"mimeType": "text/plain"
			},
			{
				"id": "63832",
				"filename": "2017-12-18T21_51_11_267Z-debug.log",
				"author": {
					"name": "eric.harms@gmail.com",
					"key": "eric.harms@gmail.com",
					"displayName": "eric harms",
					"active": true,
					"timeZone": "America/Los_Angeles"
				},
				"created": "2017-12-18T21:57:57.000+0000",
				"size": 571182,
				"mimeType": "text/plain"
			},
			{
				"id": "63817",
				"filename": "appcTiSetupCheck.txt",
				"author": {
					"name": "eric.harms@gmail.com",
					"key": "eric.harms@gmail.com",
					"displayName": "eric harms",
					"active": true,
					"timeZone": "America/Los_Angeles"
				},
				"created": "2017-12-15T02:27:33.000+0000",
				"size": 4517,
				"mimeType": "text/plain"
			},
			{
				"id": "63788",
				"filename": "environment.txt",
				"author": {
					"name": "eric.harms@gmail.com",
					"key": "eric.harms@gmail.com",
					"displayName": "eric harms",
					"active": true,
					"timeZone": "America/Los_Angeles"
				},
				"created": "2017-12-13T00:22:11.000+0000",
				"size": 3413,
				"mimeType": "text/plain"
			},
			{
				"id": "63802",
				"filename": "logFileNew.txt",
				"author": {
					"name": "eric.harms@gmail.com",
					"key": "eric.harms@gmail.com",
					"displayName": "eric harms",
					"active": true,
					"timeZone": "America/Los_Angeles"
				},
				"created": "2017-12-13T21:51:43.000+0000",
				"size": 15885,
				"mimeType": "text/plain"
			},
			{
				"id": "63816",
				"filename": "Screen Shot 2017-12-14 at 10.11.41 AM.png",
				"author": {
					"name": "eric.harms@gmail.com",
					"key": "eric.harms@gmail.com",
					"displayName": "eric harms",
					"active": true,
					"timeZone": "America/Los_Angeles"
				},
				"created": "2017-12-14T18:13:07.000+0000",
				"size": 597685,
				"mimeType": "image/png"
			},
			{
				"id": "63800",
				"filename": "ss1.png",
				"author": {
					"name": "eric.harms@gmail.com",
					"key": "eric.harms@gmail.com",
					"displayName": "eric harms",
					"active": true,
					"timeZone": "America/Los_Angeles"
				},
				"created": "2017-12-13T21:49:23.000+0000",
				"size": 541163,
				"mimeType": "image/png"
			},
			{
				"id": "63801",
				"filename": "ss2.png",
				"author": {
					"name": "eric.harms@gmail.com",
					"key": "eric.harms@gmail.com",
					"displayName": "eric harms",
					"active": true,
					"timeZone": "America/Los_Angeles"
				},
				"created": "2017-12-13T21:49:22.000+0000",
				"size": 190176,
				"mimeType": "image/png"
			},
			{
				"id": "63790",
				"filename": "studioLog.txt",
				"author": {
					"name": "eric.harms@gmail.com",
					"key": "eric.harms@gmail.com",
					"displayName": "eric harms",
					"active": true,
					"timeZone": "America/Los_Angeles"
				},
				"created": "2017-12-13T00:01:41.000+0000",
				"size": 1410319,
				"mimeType": "text/plain"
			},
			{
				"id": "63789",
				"filename": "ticonfig.txt",
				"author": {
					"name": "eric.harms@gmail.com",
					"key": "eric.harms@gmail.com",
					"displayName": "eric harms",
					"active": true,
					"timeZone": "America/Los_Angeles"
				},
				"created": "2017-12-13T00:20:04.000+0000",
				"size": 847,
				"mimeType": "text/plain"
			},
			{
				"id": "63787",
				"filename": "tiInfoXcodeInformation.txt",
				"author": {
					"name": "eric.harms@gmail.com",
					"key": "eric.harms@gmail.com",
					"displayName": "eric harms",
					"active": true,
					"timeZone": "America/Los_Angeles"
				},
				"created": "2017-12-13T00:23:40.000+0000",
				"size": 377,
				"mimeType": "text/plain"
			}
		],
		"flagged": false,
		"summary": "Trouble updating Studio to v5 and SDK 7",
		"creator": {
			"name": "eric.harms@gmail.com",
			"key": "eric.harms@gmail.com",
			"displayName": "eric harms",
			"active": true,
			"timeZone": "America/Los_Angeles"
		},
		"subtasks": [],
		"reporter": {
			"name": "eric.harms@gmail.com",
			"key": "eric.harms@gmail.com",
			"displayName": "eric harms",
			"active": true,
			"timeZone": "America/Los_Angeles"
		},
		"environment": "mac os sierra 10.12.6\r\nstudio 5.0.0.201712081732\r\nnode v8.9.1 (installed by studio)",
		"comment": {
			"comments": [
				{
					"id": "432070",
					"author": {
						"name": "mrahman",
						"key": "mrahman",
						"displayName": "Mostafizur Rahman",
						"active": true,
						"timeZone": "Asia/Dhaka"
					},
					"body": "Hello [~eric.harms@gmail.com],\r\n\r\nThanks for sharing with us. Do you have latest CLI installed on your end? What's your xcode version? If not please try the following command: \r\n*appc use latest.* \r\n*appc login*\r\n\r\nThen check if the issue occurs again please let us know.\r\n\r\nBest",
					"updateAuthor": {
						"name": "mrahman",
						"key": "mrahman",
						"displayName": "Mostafizur Rahman",
						"active": true,
						"timeZone": "Asia/Dhaka"
					},
					"created": "2017-12-13T05:43:44.000+0000",
					"updated": "2017-12-13T05:43:44.000+0000"
				},
				{
					"id": "432098",
					"author": {
						"name": "eric.harms@gmail.com",
						"key": "eric.harms@gmail.com",
						"displayName": "eric harms",
						"active": true,
						"timeZone": "America/Los_Angeles"
					},
					"body": "hi, both appc use latest and appc login return the following error.\r\n\r\ni am using the latest cli as installed by studio.  xcode 9.2.\r\n\r\nThanks,\r\nEric\r\n\r\n\r\n➜ ~ appc use latest\r\nundefined:30\r\n}  \"lastUpdateCheck\": 1513121275986\r\n   ^\r\n\r\nSyntaxError: Unexpected string in JSON at position 1274\r\n    at JSON.parse (<anonymous>)\r\n    at Object.readConfig (/usr/local/lib/node_modules/appcelerator/lib/util.js:728:30)\r\n    at Object.<anonymous> (/usr/local/lib/node_modules/appcelerator/bin/appc:96:23)\r\n    at Module._compile (module.js:635:30)\r\n    at Object.Module._extensions..js (module.js:646:10)\r\n    at Module.load (module.js:554:32)\r\n    at tryModuleLoad (module.js:497:12)\r\n    at Function.Module._load (module.js:489:3)\r\n    at Function.Module.runMain (module.js:676:10)\r\n    at startup (bootstrap_node.js:187:16)\r\n",
					"updateAuthor": {
						"name": "eric.harms@gmail.com",
						"key": "eric.harms@gmail.com",
						"displayName": "eric harms",
						"active": true,
						"timeZone": "America/Los_Angeles"
					},
					"created": "2017-12-13T17:16:20.000+0000",
					"updated": "2017-12-13T17:16:20.000+0000"
				},
				{
					"id": "432104",
					"author": {
						"name": "eric.harms@gmail.com",
						"key": "eric.harms@gmail.com",
						"displayName": "eric harms",
						"active": true,
						"timeZone": "America/Los_Angeles"
					},
					"body": "i followed these instructions to uninstall everything -- please let me know if Im missing any steps, maybe I didnt clear out something that is holding a cache of data somewhere?\r\n\r\nhttps://medium.com/all-titanium/reinstalling-appcelerator-titanium-on-mac-from-scratch-9a2bb6b9b629\r\n\r\nthanks",
					"updateAuthor": {
						"name": "eric.harms@gmail.com",
						"key": "eric.harms@gmail.com",
						"displayName": "eric harms",
						"active": true,
						"timeZone": "America/Los_Angeles"
					},
					"created": "2017-12-13T18:38:42.000+0000",
					"updated": "2017-12-13T18:38:42.000+0000"
				},
				{
					"id": "432116",
					"author": {
						"name": "sdarda",
						"key": "sdarda",
						"displayName": "Sharif AbuDarda",
						"active": false,
						"timeZone": "Asia/Dhaka"
					},
					"body": "Hello, Please try the follow commands below\r\n\r\nsudo rm -rf ~/.appcelerator\r\nsudo rm -rf ~/.titanium\r\nsudo npm uninstall -g titanium\r\nsudo npm uninstall -g appcelerator\r\nsudo npm install -g appcelerator\r\nappc use latest\r\nappc setup\r\n\r\nSend the full log in here. Thanks.",
					"updateAuthor": {
						"name": "sdarda",
						"key": "sdarda",
						"displayName": "Sharif AbuDarda",
						"active": false,
						"timeZone": "Asia/Dhaka"
					},
					"created": "2017-12-13T21:16:08.000+0000",
					"updated": "2017-12-13T21:16:08.000+0000"
				},
				{
					"id": "432119",
					"author": {
						"name": "eric.harms@gmail.com",
						"key": "eric.harms@gmail.com",
						"displayName": "eric harms",
						"active": true,
						"timeZone": "America/Los_Angeles"
					},
					"body": "Hi Sharif,\r\n\r\nHeres what Ive done.\r\n\r\n- Cleared studio log file\r\n- trashed appc folder from applications\r\n- ran the commands you provided, in order.  positive results from the use latest and setup\r\n- ran the studio installer, was provided the attached errors\r\n\r\nss1.png opens, says ios is not configured.  when i hit configure, it spins and is waiting for xcode.  \r\n\r\nwhen i close that, i get error message from ss2.png.\r\n\r\nattached the new log file here as well (logFileNew.txt)\r\n\r\nThanks,\r\nEric",
					"updateAuthor": {
						"name": "eric.harms@gmail.com",
						"key": "eric.harms@gmail.com",
						"displayName": "eric harms",
						"active": true,
						"timeZone": "America/Los_Angeles"
					},
					"created": "2017-12-13T21:58:45.000+0000",
					"updated": "2017-12-13T21:58:45.000+0000"
				},
				{
					"id": "432150",
					"author": {
						"name": "mrahman",
						"key": "mrahman",
						"displayName": "Mostafizur Rahman",
						"active": true,
						"timeZone": "Asia/Dhaka"
					},
					"updateAuthor": {
						"name": "mrahman",
						"key": "mrahman",
						"displayName": "Mostafizur Rahman",
						"active": true,
						"timeZone": "Asia/Dhaka"
					},
					"created": "2017-12-14T08:18:30.000+0000",
					"updated": "2017-12-14T08:18:30.000+0000"
				},
				{
					"id": "432166",
					"author": {
						"name": "eric.harms@gmail.com",
						"key": "eric.harms@gmail.com",
						"displayName": "eric harms",
						"active": true,
						"timeZone": "America/Los_Angeles"
					},
					"body": "Hi,\r\n\r\nIt never completes, just keeps spinning.\r\n\r\nThanks\r\nEric",
					"updateAuthor": {
						"name": "eric.harms@gmail.com",
						"key": "eric.harms@gmail.com",
						"displayName": "eric harms",
						"active": true,
						"timeZone": "America/Los_Angeles"
					},
					"created": "2017-12-14T17:16:41.000+0000",
					"updated": "2017-12-14T17:16:41.000+0000"
				},
				{
					"id": "432172",
					"author": {
						"name": "eric.harms@gmail.com",
						"key": "eric.harms@gmail.com",
						"displayName": "eric harms",
						"active": true,
						"timeZone": "America/Los_Angeles"
					},
					"body": "I uploaded a screenshot of what Im seeing - it errors out then stalls.\r\n\r\nthe following is produced in the log file\r\n\r\n\r\n!ENTRY org.eclipse.core.jobs 4 2 2017-12-14 10:11:30.432\r\n!MESSAGE An internal error occurred during: \"Configuring SDK\".\r\n!STACK 0\r\njava.lang.NullPointerException\r\n\tat com.appcelerator.titanium.ios.ui.configuration.IOSSDKConfigurer.doConfigure(IOSSDKConfigurer.java:115)\r\n\tat com.appcelerator.titanium.ui.mobile.BaseMobilePlatformConfigurer.configure(BaseMobilePlatformConfigurer.java:44)\r\n\tat com.appcelerator.titanium.ui.mobile.PlatformsInstallManager$3.run(PlatformsInstallManager.java:172)\r\n\tat org.eclipse.core.internal.jobs.Worker.run(Worker.java:54)\r\n",
					"updateAuthor": {
						"name": "eric.harms@gmail.com",
						"key": "eric.harms@gmail.com",
						"displayName": "eric harms",
						"active": true,
						"timeZone": "America/Los_Angeles"
					},
					"created": "2017-12-14T18:14:07.000+0000",
					"updated": "2017-12-14T18:14:07.000+0000"
				},
				{
					"id": "432181",
					"author": {
						"name": "eric.harms@gmail.com",
						"key": "eric.harms@gmail.com",
						"displayName": "eric harms",
						"active": true,
						"timeZone": "America/Los_Angeles"
					},
					"body": "I can build my project from the command line -- however live view does not fire when saving a file.",
					"updateAuthor": {
						"name": "eric.harms@gmail.com",
						"key": "eric.harms@gmail.com",
						"displayName": "eric harms",
						"active": true,
						"timeZone": "America/Los_Angeles"
					},
					"created": "2017-12-14T19:47:28.000+0000",
					"updated": "2017-12-14T19:47:28.000+0000"
				},
				{
					"id": "432187",
					"author": {
						"name": "nitrag",
						"key": "nitrag",
						"displayName": "Ryan Gartin",
						"active": true,
						"timeZone": "America/New_York"
					},
					"body": "I too am getting `java.lang.NullPointerException`. I'm upgrading from 5.5.1.",
					"updateAuthor": {
						"name": "nitrag",
						"key": "nitrag",
						"displayName": "Ryan Gartin",
						"active": true,
						"timeZone": "America/New_York"
					},
					"created": "2017-12-14T20:48:38.000+0000",
					"updated": "2017-12-14T20:48:38.000+0000"
				},
				{
					"id": "432193",
					"author": {
						"name": "sdarda",
						"key": "sdarda",
						"displayName": "Sharif AbuDarda",
						"active": false,
						"timeZone": "Asia/Dhaka"
					},
					"body": "Hello, Can you run \"appc ti setup check\" and send the log as a text file in here? Thanks.",
					"updateAuthor": {
						"name": "sdarda",
						"key": "sdarda",
						"displayName": "Sharif AbuDarda",
						"active": false,
						"timeZone": "Asia/Dhaka"
					},
					"created": "2017-12-15T02:15:11.000+0000",
					"updated": "2017-12-15T02:15:11.000+0000"
				},
				{
					"id": "432195",
					"author": {
						"name": "eric.harms@gmail.com",
						"key": "eric.harms@gmail.com",
						"displayName": "eric harms",
						"active": true,
						"timeZone": "America/Los_Angeles"
					},
					"body": "Hi,\r\n\r\nattached here - appcTiSetupCheck.txt\r\n\r\nThanks\r\nEric",
					"updateAuthor": {
						"name": "eric.harms@gmail.com",
						"key": "eric.harms@gmail.com",
						"displayName": "eric harms",
						"active": true,
						"timeZone": "America/Los_Angeles"
					},
					"created": "2017-12-15T02:28:16.000+0000",
					"updated": "2017-12-15T02:28:16.000+0000"
				},
				{
					"id": "432196",
					"author": {
						"name": "Taruga",
						"key": "taruga",
						"displayName": "Luis Galhardo",
						"active": true,
						"timeZone": "America/Los_Angeles"
					},
					"body": "I have the same problem :(",
					"updateAuthor": {
						"name": "Taruga",
						"key": "taruga",
						"displayName": "Luis Galhardo",
						"active": true,
						"timeZone": "America/Los_Angeles"
					},
					"created": "2017-12-15T03:13:23.000+0000",
					"updated": "2017-12-15T03:13:23.000+0000"
				},
				{
					"id": "432305",
					"author": {
						"name": "eric.harms@gmail.com",
						"key": "eric.harms@gmail.com",
						"displayName": "eric harms",
						"active": true,
						"timeZone": "America/Los_Angeles"
					},
					"body": "Hi -- has there been any progress on this ticket?  \r\n\r\nthanks\r\n",
					"updateAuthor": {
						"name": "eric.harms@gmail.com",
						"key": "eric.harms@gmail.com",
						"displayName": "eric harms",
						"active": true,
						"timeZone": "America/Los_Angeles"
					},
					"created": "2017-12-18T19:59:26.000+0000",
					"updated": "2017-12-18T19:59:26.000+0000"
				},
				{
					"id": "432312",
					"author": {
						"name": "sdarda",
						"key": "sdarda",
						"displayName": "Sharif AbuDarda",
						"active": false,
						"timeZone": "Asia/Dhaka"
					},
					"body": "Hello, Run the following commands and let us know how it goes.\r\n\r\nClose Appcelerator Studio\r\nOpen the terminal\r\nStop the daemon: appc appcd stop\r\ncd into the appcelerator package: cd ~/.appcelerator/install/7.0.0/package\r\nInstall the update: npm install ioslib@next\r\nReopen Studio\r\n\r\n\r\nHope this helps. Let us know. Thanks.",
					"updateAuthor": {
						"name": "sdarda",
						"key": "sdarda",
						"displayName": "Sharif AbuDarda",
						"active": false,
						"timeZone": "Asia/Dhaka"
					},
					"created": "2017-12-18T21:17:29.000+0000",
					"updated": "2017-12-18T21:17:29.000+0000"
				},
				{
					"id": "432318",
					"author": {
						"name": "eric.harms@gmail.com",
						"key": "eric.harms@gmail.com",
						"displayName": "eric harms",
						"active": true,
						"timeZone": "America/Los_Angeles"
					},
					"body": "Hi Sharif,\r\n\r\nPlease see the terminal output error log, and Ive attached the referenced log file to this ticket.\r\n\r\ni do have node v8.9.1 installed\r\n\r\nThanks,\r\nEric\r\n\r\n{code:java}\r\n➜ ~/.appcelerator/install/7.0.0/package sudo npm install ioslib@next\r\n\r\n> node-ios-device@1.5.0 install /Users/eharms/.appcelerator/install/7.0.0/package/node_modules/ioslib/node_modules/node-ios-device\r\n> node ./bin/run.js node-pre-gyp install --fallback-to-build\r\n\r\nnode-pre-gyp ERR! Tried to download(undefined): https://appc-node-binaries.s3.amazonaws.com/node-ios-device/v1.5.0/node_ios_device-v1.5.0-node-v57-darwin-x64.tar.gz\r\nnode-pre-gyp ERR! Pre-built binaries not found for node-ios-device@1.5.0 and node@8.9.1 (node-v57 ABI, unknown) (falling back to source compile with node-gyp)\r\ngyp ERR! configure error\r\ngyp ERR! stack Error: EACCES: permission denied, mkdir '/Users/eharms/.appcelerator/install/7.0.0/package/node_modules/ioslib/node_modules/node-ios-device/build'\r\ngyp ERR! System Darwin 16.7.0\r\ngyp ERR! command \"/usr/local/bin/node\" \"/usr/local/lib/node_modules/npm/node_modules/node-gyp/bin/node-gyp.js\" \"configure\" \"--fallback-to-build\" \"--module=/Users/eharms/.appcelerator/install/7.0.0/package/node_modules/ioslib/node_modules/node-ios-device/binding/node-v57-darwin-x64/node_ios_device.node\" \"--module_name=node_ios_device\" \"--module_path=/Users/eharms/.appcelerator/install/7.0.0/package/node_modules/ioslib/node_modules/node-ios-device/binding/node-v57-darwin-x64\"\r\ngyp ERR! cwd /Users/eharms/.appcelerator/install/7.0.0/package/node_modules/ioslib/node_modules/node-ios-device\r\ngyp ERR! node -v v8.9.1\r\ngyp ERR! node-gyp -v v3.6.2\r\ngyp ERR! not ok\r\nnode-pre-gyp ERR! build error\r\nnode-pre-gyp ERR! stack Error: Failed to execute '/usr/local/bin/node /usr/local/lib/node_modules/npm/node_modules/node-gyp/bin/node-gyp.js configure --fallback-to-build --module=/Users/eharms/.appcelerator/install/7.0.0/package/node_modules/ioslib/node_modules/node-ios-device/binding/node-v57-darwin-x64/node_ios_device.node --module_name=node_ios_device --module_path=/Users/eharms/.appcelerator/install/7.0.0/package/node_modules/ioslib/node_modules/node-ios-device/binding/node-v57-darwin-x64' (1)\r\nnode-pre-gyp ERR! stack     at ChildProcess.<anonymous> (/Users/eharms/.appcelerator/install/7.0.0/package/node_modules/ioslib/node_modules/node-ios-device/node_modules/node-pre-gyp/lib/util/compile.js:83:29)\r\nnode-pre-gyp ERR! stack     at emitTwo (events.js:126:13)\r\nnode-pre-gyp ERR! stack     at ChildProcess.emit (events.js:214:7)\r\nnode-pre-gyp ERR! stack     at maybeClose (internal/child_process.js:925:16)\r\nnode-pre-gyp ERR! stack     at Process.ChildProcess._handle.onexit (internal/child_process.js:209:5)\r\nnode-pre-gyp ERR! System Darwin 16.7.0\r\nnode-pre-gyp ERR! command \"/usr/local/bin/node\" \"/Users/eharms/.appcelerator/install/7.0.0/package/node_modules/ioslib/node_modules/node-ios-device/node_modules/.bin/node-pre-gyp\" \"install\" \"--fallback-to-build\"\r\nnode-pre-gyp ERR! cwd /Users/eharms/.appcelerator/install/7.0.0/package/node_modules/ioslib/node_modules/node-ios-device\r\nnode-pre-gyp ERR! node -v v8.9.1\r\nnode-pre-gyp ERR! node-pre-gyp -v v0.6.39\r\nnode-pre-gyp ERR! not ok\r\nFailed to execute '/usr/local/bin/node /usr/local/lib/node_modules/npm/node_modules/node-gyp/bin/node-gyp.js configure --fallback-to-build --module=/Users/eharms/.appcelerator/install/7.0.0/package/node_modules/ioslib/node_modules/node-ios-device/binding/node-v57-darwin-x64/node_ios_device.node --module_name=node_ios_device --module_path=/Users/eharms/.appcelerator/install/7.0.0/package/node_modules/ioslib/node_modules/node-ios-device/binding/node-v57-darwin-x64' (1)\r\nnpm ERR! code ELIFECYCLE\r\nnpm ERR! errno 1\r\nnpm ERR! node-ios-device@1.5.0 install: `node ./bin/run.js node-pre-gyp install --fallback-to-build`\r\nnpm ERR! Exit status 1\r\nnpm ERR!\r\nnpm ERR! Failed at the node-ios-device@1.5.0 install script.\r\nnpm ERR! This is probably not a problem with npm. There is likely additional logging output above.\r\n\r\nnpm ERR! A complete log of this run can be found in:\r\nnpm ERR!     /Users/eharms/.npm/_logs/2017-12-18T21_24_02_490Z-debug.log\r\n{code}\r\n\r\n",
					"updateAuthor": {
						"name": "eric.harms@gmail.com",
						"key": "eric.harms@gmail.com",
						"displayName": "eric harms",
						"active": true,
						"timeZone": "America/Los_Angeles"
					},
					"created": "2017-12-18T21:34:46.000+0000",
					"updated": "2017-12-18T21:34:46.000+0000"
				},
				{
					"id": "432319",
					"author": {
						"name": "Taruga",
						"key": "taruga",
						"displayName": "Luis Galhardo",
						"active": true,
						"timeZone": "America/Los_Angeles"
					},
					"body": "The above solution did not work for me.\r\nThis is what I did to get Appcelerator to recognize Xcode \r\n\r\n\r\n{code:java}\r\ncd ~/.appcelerator/install/7.0.0/package \r\nsudo rm -Rfv node_modules\r\n sudo chown -R $(whoami):staff *\r\nnpm install\r\n{code}\r\n\r\n\r\nAfter npm install\r\n\r\n\r\n{code:java}\r\n> deasync@0.1.11 install /Users/taruga/.appcelerator/install/7.0.0/package/node_modules/alloy/node_modules/deasync\r\n> node ./build.js\r\n\r\n`darwin-x64-node-8` exists; testing\r\nBinary is fine; exiting\r\n\r\n> dtrace-provider@0.8.5 install /Users/taruga/.appcelerator/install/7.0.0/package/node_modules/appc-logger/node_modules/bunyan/node_modules/dtrace-provider\r\n> node scripts/install.js\r\n\r\n\r\n> dtrace-provider@0.8.5 install /Users/taruga/.appcelerator/install/7.0.0/package/node_modules/arrow/node_modules/appc-logger/node_modules/bunyan/node_modules/dtrace-provider\r\n> node scripts/install.js\r\n\r\n\r\n> dtrace-provider@0.8.5 install /Users/taruga/.appcelerator/install/7.0.0/package/node_modules/arrow/node_modules/ldapauth-fork/node_modules/ldapjs/node_modules/bunyan/node_modules/dtrace-provider\r\n> node scripts/install.js\r\n\r\n\r\n> dtrace-provider@0.7.1 install /Users/taruga/.appcelerator/install/7.0.0/package/node_modules/arrow/node_modules/ldapauth-fork/node_modules/ldapjs/node_modules/dtrace-provider\r\n> node scripts/install.js\r\n\r\n\r\n> fsevents@1.1.3 install /Users/taruga/.appcelerator/install/7.0.0/package/node_modules/fsevents\r\n> node install\r\n\r\n[fsevents] Success: \"/Users/taruga/.appcelerator/install/7.0.0/package/node_modules/fsevents/lib/binding/Release/node-v57-darwin-x64/fse.node\" already installed\r\nPass --update-binary to reinstall or --build-from-source to recompile\r\n\r\n> node-ios-device@1.5.0 install /Users/taruga/.appcelerator/install/7.0.0/package/node_modules/ioslib/node_modules/node-ios-device\r\n> node ./bin/run.js node-pre-gyp install --fallback-to-build\r\n\r\n[node-ios-device] Success: \"/Users/taruga/.appcelerator/install/7.0.0/package/node_modules/ioslib/node_modules/node-ios-device/binding/node-v57-darwin-x64/node_ios_device.node\" is installed via remote\r\n\r\n> node-ios-device@1.5.0 install /Users/taruga/.appcelerator/install/7.0.0/package/node_modules/node-ios-device\r\n> node ./bin/run.js node-pre-gyp install --fallback-to-build\r\n\r\n[node-ios-device] Success: \"/Users/taruga/.appcelerator/install/7.0.0/package/node_modules/node-ios-device/binding/node-v57-darwin-x64/node_ios_device.node\" is installed via remote\r\n\r\n> spawn-sync@1.0.15 postinstall /Users/taruga/.appcelerator/install/7.0.0/package/node_modules/appc-inquirer/node_modules/inquirer/node_modules/external-editor/node_modules/spawn-sync\r\n> node postinstall\r\n\r\n\r\n> jsonpath@1.0.0 postinstall /Users/taruga/.appcelerator/install/7.0.0/package/node_modules/arrow/node_modules/axway-flow/node_modules/jsonpath\r\n> node lib/aesprim.js > generated/aesprim-browser.js\r\n\r\n(node:29521) MaxListenersExceededWarning: Possible EventEmitter memory leak detected. 11 SIGINT listeners added. Use emitter.setMaxListeners() to increase limit\r\n\r\n> appcd@1.0.0 postinstall /Users/taruga/.appcelerator/install/7.0.0/package/node_modules/appcd\r\n> node bin/appcd stop || node -e true\r\n\r\nAppcelerator Daemon, version 1.0.0\r\nCopyright (c) 2016-2017, Axway, Inc. All Rights Reserved.\r\n\r\nAppc Daemon stopped\r\nadded 2600 packages in 51.167s\r\nTaruga:package taruga$ \r\n\r\n{code}\r\n",
					"updateAuthor": {
						"name": "Taruga",
						"key": "taruga",
						"displayName": "Luis Galhardo",
						"active": true,
						"timeZone": "America/Los_Angeles"
					},
					"created": "2017-12-18T21:39:59.000+0000",
					"updated": "2017-12-18T21:52:45.000+0000"
				},
				{
					"id": "432327",
					"author": {
						"name": "eric.harms@gmail.com",
						"key": "eric.harms@gmail.com",
						"displayName": "eric harms",
						"active": true,
						"timeZone": "America/Los_Angeles"
					},
					"body": "Thanks Luis,\r\n\r\nUnfortunately that's not working for me either.  Terminal output here, referenced log attached.\r\n\r\nEric\r\n\r\n{code:java}\r\n➜ ~/.appcelerator/install/7.0.0/package sudo npm install\r\n\r\n> deasync@0.1.11 install /Users/eharms/.appcelerator/install/7.0.0/package/node_modules/alloy/node_modules/deasync\r\n> node ./build.js\r\n\r\n`darwin-x64-node-8` exists; testing\r\nBinary is fine; exiting\r\n\r\n> dtrace-provider@0.8.5 install /Users/eharms/.appcelerator/install/7.0.0/package/node_modules/appc-logger/node_modules/bunyan/node_modules/dtrace-provider\r\n> node scripts/install.js\r\n\r\nfs.js:766\r\n  return binding.rename(pathModule._makeLong(oldPath),\r\n                 ^\r\n\r\nError: EACCES: permission denied, rename '/Users/eharms/.appcelerator/install/7.0.0/package/node_modules/appc-logger/node_modules/bunyan/node_modules/dtrace-provider/compile.py' -> '/Users/eharms/.appcelerator/install/7.0.0/package/node_modules/appc-logger/node_modules/bunyan/node_modules/dtrace-provider/binding.gyp'\r\n    at Object.fs.renameSync (fs.js:766:18)\r\n    at Object.<anonymous> (/Users/eharms/.appcelerator/install/7.0.0/package/node_modules/appc-logger/node_modules/bunyan/node_modules/dtrace-provider/scripts/install.js:14:4)\r\n    at Module._compile (module.js:635:30)\r\n    at Object.Module._extensions..js (module.js:646:10)\r\n    at Module.load (module.js:554:32)\r\n    at tryModuleLoad (module.js:497:12)\r\n    at Function.Module._load (module.js:489:3)\r\n    at Function.Module.runMain (module.js:676:10)\r\n    at startup (bootstrap_node.js:187:16)\r\n    at bootstrap_node.js:608:3\r\n\r\n> dtrace-provider@0.8.5 install /Users/eharms/.appcelerator/install/7.0.0/package/node_modules/arrow/node_modules/appc-logger/node_modules/bunyan/node_modules/dtrace-provider\r\n> node scripts/install.js\r\n\r\nfs.js:766\r\n  return binding.rename(pathModule._makeLong(oldPath),\r\n                 ^\r\n\r\nError: EACCES: permission denied, rename '/Users/eharms/.appcelerator/install/7.0.0/package/node_modules/arrow/node_modules/appc-logger/node_modules/bunyan/node_modules/dtrace-provider/compile.py' -> '/Users/eharms/.appcelerator/install/7.0.0/package/node_modules/arrow/node_modules/appc-logger/node_modules/bunyan/node_modules/dtrace-provider/binding.gyp'\r\n    at Object.fs.renameSync (fs.js:766:18)\r\n    at Object.<anonymous> (/Users/eharms/.appcelerator/install/7.0.0/package/node_modules/arrow/node_modules/appc-logger/node_modules/bunyan/node_modules/dtrace-provider/scripts/install.js:14:4)\r\n    at Module._compile (module.js:635:30)\r\n    at Object.Module._extensions..js (module.js:646:10)\r\n    at Module.load (module.js:554:32)\r\n    at tryModuleLoad (module.js:497:12)\r\n    at Function.Module._load (module.js:489:3)\r\n    at Function.Module.runMain (module.js:676:10)\r\n    at startup (bootstrap_node.js:187:16)\r\n    at bootstrap_node.js:608:3\r\n\r\n> dtrace-provider@0.8.5 install /Users/eharms/.appcelerator/install/7.0.0/package/node_modules/arrow/node_modules/ldapauth-fork/node_modules/ldapjs/node_modules/bunyan/node_modules/dtrace-provider\r\n> node scripts/install.js\r\n\r\nfs.js:766\r\n  return binding.rename(pathModule._makeLong(oldPath),\r\n                 ^\r\n\r\nError: EACCES: permission denied, rename '/Users/eharms/.appcelerator/install/7.0.0/package/node_modules/arrow/node_modules/ldapauth-fork/node_modules/ldapjs/node_modules/bunyan/node_modules/dtrace-provider/compile.py' -> '/Users/eharms/.appcelerator/install/7.0.0/package/node_modules/arrow/node_modules/ldapauth-fork/node_modules/ldapjs/node_modules/bunyan/node_modules/dtrace-provider/binding.gyp'\r\n    at Object.fs.renameSync (fs.js:766:18)\r\n    at Object.<anonymous> (/Users/eharms/.appcelerator/install/7.0.0/package/node_modules/arrow/node_modules/ldapauth-fork/node_modules/ldapjs/node_modules/bunyan/node_modules/dtrace-provider/scripts/install.js:14:4)\r\n    at Module._compile (module.js:635:30)\r\n    at Object.Module._extensions..js (module.js:646:10)\r\n    at Module.load (module.js:554:32)\r\n    at tryModuleLoad (module.js:497:12)\r\n    at Function.Module._load (module.js:489:3)\r\n    at Function.Module.runMain (module.js:676:10)\r\n    at startup (bootstrap_node.js:187:16)\r\n    at bootstrap_node.js:608:3\r\n\r\n> dtrace-provider@0.7.1 install /Users/eharms/.appcelerator/install/7.0.0/package/node_modules/arrow/node_modules/ldapauth-fork/node_modules/ldapjs/node_modules/dtrace-provider\r\n> node scripts/install.js\r\n\r\nfs.js:766\r\n  return binding.rename(pathModule._makeLong(oldPath),\r\n                 ^\r\n\r\nError: EACCES: permission denied, rename '/Users/eharms/.appcelerator/install/7.0.0/package/node_modules/arrow/node_modules/ldapauth-fork/node_modules/ldapjs/node_modules/dtrace-provider/compile.py' -> '/Users/eharms/.appcelerator/install/7.0.0/package/node_modules/arrow/node_modules/ldapauth-fork/node_modules/ldapjs/node_modules/dtrace-provider/binding.gyp'\r\n    at Object.fs.renameSync (fs.js:766:18)\r\n    at Object.<anonymous> (/Users/eharms/.appcelerator/install/7.0.0/package/node_modules/arrow/node_modules/ldapauth-fork/node_modules/ldapjs/node_modules/dtrace-provider/scripts/install.js:14:4)\r\n    at Module._compile (module.js:635:30)\r\n    at Object.Module._extensions..js (module.js:646:10)\r\n    at Module.load (module.js:554:32)\r\n    at tryModuleLoad (module.js:497:12)\r\n    at Function.Module._load (module.js:489:3)\r\n    at Function.Module.runMain (module.js:676:10)\r\n    at startup (bootstrap_node.js:187:16)\r\n    at bootstrap_node.js:608:3\r\n\r\n> fsevents@1.1.3 install /Users/eharms/.appcelerator/install/7.0.0/package/node_modules/fsevents\r\n> node install\r\n\r\n[fsevents] Success: \"/Users/eharms/.appcelerator/install/7.0.0/package/node_modules/fsevents/lib/binding/Release/node-v57-darwin-x64/fse.node\" already installed\r\nPass --update-binary to reinstall or --build-from-source to recompile\r\n\r\n> node-ios-device@1.4.0 install /Users/eharms/.appcelerator/install/7.0.0/package/node_modules/node-ios-device\r\n> node ./bin/run.js node-pre-gyp install --fallback-to-build\r\n\r\nnode-pre-gyp ERR! Tried to download(undefined): https://appc-node-binaries.s3.amazonaws.com/node-ios-device/v1.4.0/node_ios_device-v1.4.0-node-v57-darwin-x64.tar.gz\r\nnode-pre-gyp ERR! Pre-built binaries not found for node-ios-device@1.4.0 and node@8.9.1 (node-v57 ABI) (falling back to source compile with node-gyp)\r\ngyp ERR! configure error\r\ngyp ERR! stack Error: EACCES: permission denied, mkdir '/Users/eharms/.appcelerator/install/7.0.0/package/node_modules/node-ios-device/build'\r\ngyp ERR! System Darwin 16.7.0\r\ngyp ERR! command \"/usr/local/bin/node\" \"/usr/local/lib/node_modules/npm/node_modules/node-gyp/bin/node-gyp.js\" \"configure\" \"--fallback-to-build\" \"--module=/Users/eharms/.appcelerator/install/7.0.0/package/node_modules/node-ios-device/binding/node-v57-darwin-x64/node_ios_device.node\" \"--module_name=node_ios_device\" \"--module_path=/Users/eharms/.appcelerator/install/7.0.0/package/node_modules/node-ios-device/binding/node-v57-darwin-x64\"\r\ngyp ERR! cwd /Users/eharms/.appcelerator/install/7.0.0/package/node_modules/node-ios-device\r\ngyp ERR! node -v v8.9.1\r\ngyp ERR! node-gyp -v v3.6.2\r\ngyp ERR! not ok\r\nnode-pre-gyp ERR! build error\r\nnode-pre-gyp ERR! stack Error: Failed to execute '/usr/local/bin/node /usr/local/lib/node_modules/npm/node_modules/node-gyp/bin/node-gyp.js configure --fallback-to-build --module=/Users/eharms/.appcelerator/install/7.0.0/package/node_modules/node-ios-device/binding/node-v57-darwin-x64/node_ios_device.node --module_name=node_ios_device --module_path=/Users/eharms/.appcelerator/install/7.0.0/package/node_modules/node-ios-device/binding/node-v57-darwin-x64' (1)\r\nnode-pre-gyp ERR! stack     at ChildProcess.<anonymous> (/Users/eharms/.appcelerator/install/7.0.0/package/node_modules/node-ios-device/node_modules/node-pre-gyp/lib/util/compile.js:83:29)\r\nnode-pre-gyp ERR! stack     at emitTwo (events.js:126:13)\r\nnode-pre-gyp ERR! stack     at ChildProcess.emit (events.js:214:7)\r\nnode-pre-gyp ERR! stack     at maybeClose (internal/child_process.js:925:16)\r\nnode-pre-gyp ERR! stack     at Process.ChildProcess._handle.onexit (internal/child_process.js:209:5)\r\nnode-pre-gyp ERR! System Darwin 16.7.0\r\nnode-pre-gyp ERR! command \"/usr/local/bin/node\" \"/Users/eharms/.appcelerator/install/7.0.0/package/node_modules/node-ios-device/node_modules/.bin/node-pre-gyp\" \"install\" \"--fallback-to-build\"\r\nnode-pre-gyp ERR! cwd /Users/eharms/.appcelerator/install/7.0.0/package/node_modules/node-ios-device\r\nnode-pre-gyp ERR! node -v v8.9.1\r\nnode-pre-gyp ERR! node-pre-gyp -v v0.6.36\r\nnode-pre-gyp ERR! not ok\r\nFailed to execute '/usr/local/bin/node /usr/local/lib/node_modules/npm/node_modules/node-gyp/bin/node-gyp.js configure --fallback-to-build --module=/Users/eharms/.appcelerator/install/7.0.0/package/node_modules/node-ios-device/binding/node-v57-darwin-x64/node_ios_device.node --module_name=node_ios_device --module_path=/Users/eharms/.appcelerator/install/7.0.0/package/node_modules/node-ios-device/binding/node-v57-darwin-x64' (1)\r\nnpm WARN optional SKIPPING OPTIONAL DEPENDENCY: dtrace-provider@0.8.5 (node_modules/appc-logger/node_modules/bunyan/node_modules/dtrace-provider):\r\nnpm WARN optional SKIPPING OPTIONAL DEPENDENCY: dtrace-provider@0.8.5 install: `node scripts/install.js`\r\nnpm WARN optional SKIPPING OPTIONAL DEPENDENCY: Exit status 1\r\nnpm WARN optional SKIPPING OPTIONAL DEPENDENCY: dtrace-provider@0.8.5 (node_modules/arrow/node_modules/appc-logger/node_modules/bunyan/node_modules/dtrace-provider):\r\nnpm WARN optional SKIPPING OPTIONAL DEPENDENCY: dtrace-provider@0.8.5 install: `node scripts/install.js`\r\nnpm WARN optional SKIPPING OPTIONAL DEPENDENCY: Exit status 1\r\nnpm WARN optional SKIPPING OPTIONAL DEPENDENCY: dtrace-provider@0.8.5 (node_modules/arrow/node_modules/ldapauth-fork/node_modules/ldapjs/node_modules/bunyan/node_modules/dtrace-provider):\r\nnpm WARN optional SKIPPING OPTIONAL DEPENDENCY: dtrace-provider@0.8.5 install: `node scripts/install.js`\r\nnpm WARN optional SKIPPING OPTIONAL DEPENDENCY: Exit status 1\r\nnpm WARN optional SKIPPING OPTIONAL DEPENDENCY: dtrace-provider@0.7.1 (node_modules/arrow/node_modules/ldapauth-fork/node_modules/ldapjs/node_modules/dtrace-provider):\r\nnpm WARN optional SKIPPING OPTIONAL DEPENDENCY: dtrace-provider@0.7.1 install: `node scripts/install.js`\r\nnpm WARN optional SKIPPING OPTIONAL DEPENDENCY: Exit status 1\r\n\r\nnpm ERR! code ELIFECYCLE\r\nnpm ERR! errno 1\r\nnpm ERR! node-ios-device@1.4.0 install: `node ./bin/run.js node-pre-gyp install --fallback-to-build`\r\nnpm ERR! Exit status 1\r\nnpm ERR!\r\nnpm ERR! Failed at the node-ios-device@1.4.0 install script.\r\nnpm ERR! This is probably not a problem with npm. There is likely additional logging output above.\r\n\r\nnpm ERR! A complete log of this run can be found in:\r\nnpm ERR!     /Users/eharms/.npm/_logs/2017-12-18T21_51_11_267Z-debug.log\r\n{code}\r\n\r\n\r\n",
					"updateAuthor": {
						"name": "eric.harms@gmail.com",
						"key": "eric.harms@gmail.com",
						"displayName": "eric harms",
						"active": true,
						"timeZone": "America/Los_Angeles"
					},
					"created": "2017-12-18T21:58:11.000+0000",
					"updated": "2017-12-18T21:58:11.000+0000"
				},
				{
					"id": "432331",
					"author": {
						"name": "Taruga",
						"key": "taruga",
						"displayName": "Luis Galhardo",
						"active": true,
						"timeZone": "America/Los_Angeles"
					},
					"body": "Make sure the node_modules folder is deleted:\r\n\r\nAfter this command:\r\n\r\n{code:java}\r\nsudo rm -Rfv node_modules\r\n{code}\r\n\r\nYou should see a long list of files being deleted then when you get to the 'npm install' command the node_modules folder will be created again with correct permissions\r\n",
					"updateAuthor": {
						"name": "Taruga",
						"key": "taruga",
						"displayName": "Luis Galhardo",
						"active": true,
						"timeZone": "America/Los_Angeles"
					},
					"created": "2017-12-18T22:13:31.000+0000",
					"updated": "2017-12-18T22:13:31.000+0000"
				},
				{
					"id": "432336",
					"author": {
						"name": "eric.harms@gmail.com",
						"key": "eric.harms@gmail.com",
						"displayName": "eric harms",
						"active": true,
						"timeZone": "America/Los_Angeles"
					},
					"body": "Thanks Luis --\r\n\r\nAfter running your example, yes it did do what you said.  \r\n\r\nNow that my install was probably a total mess, i thew out the application and installed a fresh version -- it now recognizes Xcode. \r\n\r\nThanks!\r\nEric",
					"updateAuthor": {
						"name": "eric.harms@gmail.com",
						"key": "eric.harms@gmail.com",
						"displayName": "eric harms",
						"active": true,
						"timeZone": "America/Los_Angeles"
					},
					"created": "2017-12-18T22:18:26.000+0000",
					"updated": "2017-12-18T22:18:26.000+0000"
				},
				{
					"id": "432343",
					"author": {
						"name": "Taruga",
						"key": "taruga",
						"displayName": "Luis Galhardo",
						"active": true,
						"timeZone": "America/Los_Angeles"
					},
					"body": "I'm glad it worked :)\r\n",
					"updateAuthor": {
						"name": "Taruga",
						"key": "taruga",
						"displayName": "Luis Galhardo",
						"active": true,
						"timeZone": "America/Los_Angeles"
					},
					"created": "2017-12-18T22:27:31.000+0000",
					"updated": "2017-12-18T22:27:31.000+0000"
				},
				{
					"id": "432354",
					"author": {
						"name": "eric.harms@gmail.com",
						"key": "eric.harms@gmail.com",
						"displayName": "eric harms",
						"active": true,
						"timeZone": "America/Los_Angeles"
					},
					"body": "Thanks for your help guys -- this one was a doozie!\r\n\r\n",
					"updateAuthor": {
						"name": "eric.harms@gmail.com",
						"key": "eric.harms@gmail.com",
						"displayName": "eric harms",
						"active": true,
						"timeZone": "America/Los_Angeles"
					},
					"created": "2017-12-18T22:47:31.000+0000",
					"updated": "2017-12-18T22:47:31.000+0000"
				},
				{
					"id": "432367",
					"author": {
						"name": "eric.harms@gmail.com",
						"key": "eric.harms@gmail.com",
						"displayName": "eric harms",
						"active": true,
						"timeZone": "America/Los_Angeles"
					},
					"body": "Hey guys --\r\n\r\nlooked like I spoke too soon -- I noticed this last week and Im just being reminded as I test things, but liveview is not rebuilding the app as expected when saving project files.\r\n\r\nit doesnt work in Studio or via the CLI.\r\n\r\nlet me know if you need any logs from me, or any suggestions as to what might be causing the issue.\r\n\r\nThanks\r\nEric",
					"updateAuthor": {
						"name": "eric.harms@gmail.com",
						"key": "eric.harms@gmail.com",
						"displayName": "eric harms",
						"active": true,
						"timeZone": "America/Los_Angeles"
					},
					"created": "2017-12-18T23:22:30.000+0000",
					"updated": "2017-12-18T23:22:30.000+0000"
				},
				{
					"id": "432369",
					"author": {
						"name": "Taruga",
						"key": "taruga",
						"displayName": "Luis Galhardo",
						"active": true,
						"timeZone": "America/Los_Angeles"
					},
					"body": "Well, that is another issue. But I don't have that one\r\nDo you see any visual error ?",
					"updateAuthor": {
						"name": "Taruga",
						"key": "taruga",
						"displayName": "Luis Galhardo",
						"active": true,
						"timeZone": "America/Los_Angeles"
					},
					"created": "2017-12-18T23:38:16.000+0000",
					"updated": "2017-12-18T23:39:06.000+0000"
				},
				{
					"id": "432370",
					"author": {
						"name": "eric.harms@gmail.com",
						"key": "eric.harms@gmail.com",
						"displayName": "eric harms",
						"active": true,
						"timeZone": "America/Los_Angeles"
					},
					"body": "I created a clean test project, cleared the log file and ran the project via Studio with the liveview button toggled on.  I then saved a file, expecting a reload but nothing happens in terminal.  \r\n\r\nLog details below, Ive confirmed both of the references directories do exist.\r\n\r\nThanks\r\nEric\r\n\r\n{code:java}\r\n\r\n!ENTRY com.aptana.core 1 0 2017-12-18 15:42:27.363\r\n!MESSAGE (Build 5.0.0.201712081732) [INFO] com.aptana.core/debug/builder Performing incremental unified build on project 'test'\r\n\r\n!ENTRY com.aptana.core 1 0 2017-12-18 15:42:27.556\r\n!MESSAGE (Build 5.0.0.201712081732) [INFO] com.aptana.core/debug/builder Finished unified build of 'test'. Took 193.929 ms.\r\n\r\n!ENTRY com.aptana.core 1 0 2017-12-18 15:42:44.792\r\n!MESSAGE (Build 5.0.0.201712081732) [INFO] com.aptana.core/debug/builder Performing incremental unified build on project 'test'\r\n\r\n!ENTRY com.aptana.buildpath.core 1 0 2017-12-18 15:42:44.995\r\n!MESSAGE (Build 5.0.0.201712081732) [INFO] com.aptana.core/debug/builder/participants Executed build participant 'Index Build Participant' on 'file:/Users/eharms/Documents/Appcelerator_Studio_Workspace/test/i18n/alloy_generated' in 0.065 ms.\r\n\r\n!ENTRY com.aptana.buildpath.core 1 0 2017-12-18 15:42:44.995\r\n!MESSAGE (Build 5.0.0.201712081732) [INFO] com.aptana.core/debug/builder/participants Executed build participant 'Index Build Participant' on 'file:/Users/eharms/Documents/Appcelerator_Studio_Workspace/test/platform/ios/alloy_generated' in 0.046 ms.\r\n\r\n!ENTRY com.aptana.core 1 0 2017-12-18 15:42:44.997\r\n!MESSAGE (Build 5.0.0.201712081732) [INFO] com.aptana.core/debug/builder Finished unified build of 'test'. Took 206.862 ms.\r\n\r\n!ENTRY com.aptana.core 1 0 2017-12-18 15:42:52.398\r\n!MESSAGE (Build 5.0.0.201712081732) [INFO] com.aptana.core/debug/builder Performing incremental unified build on project 'test'\r\n\r\n!ENTRY com.appcelerator.titanium.core 1 0 2017-12-18 15:42:54.290\r\n!MESSAGE (Build 5.0.0.201712081732) [INFO]  Location to be watched doesn't exist: /Library/Application Support/Titanium/mobilesdk/osx\r\n\r\n!ENTRY com.appcelerator.titanium.core 1 0 2017-12-18 15:42:54.290\r\n!MESSAGE (Build 5.0.0.201712081732) [INFO]  Location to be watched doesn't exist: /Library/Application Support/Titanium/modules\r\n\r\n!ENTRY com.aptana.core 1 0 2017-12-18 15:42:54.901\r\n!MESSAGE (Build 5.0.0.201712081732) [INFO] com.aptana.core/debug/builder Finished unified build of 'test'. Took 2,504.244 ms.\r\n\r\n{code}\r\n",
					"updateAuthor": {
						"name": "eric.harms@gmail.com",
						"key": "eric.harms@gmail.com",
						"displayName": "eric harms",
						"active": true,
						"timeZone": "America/Los_Angeles"
					},
					"created": "2017-12-18T23:47:13.000+0000",
					"updated": "2017-12-18T23:47:13.000+0000"
				},
				{
					"id": "432372",
					"author": {
						"name": "Taruga",
						"key": "taruga",
						"displayName": "Luis Galhardo",
						"active": true,
						"timeZone": "America/Los_Angeles"
					},
					"body": "Do you see anything like this on Appcelerator Console ?\r\n\r\n\r\n{code:java}\r\n[INFO] :   Launching iOS Simulator\r\n[LiveView] version 1.2.1\r\n[LiveView] Alloy project monitor started\r\n[LiveView] File Server Started on 0.0.0.0:8324\r\n[LiveView] Event Server Started on 0.0.0.0:8323\r\n[INFO] :   HyperloopTest/1.0 (7.0.0.f09dec4)\r\n{code}\r\n\r\nIn Appcelerator Studio Preferences -> Studio -> Liveview I don't have any info filled on the 3 fields and liveview works fine with me",
					"updateAuthor": {
						"name": "Taruga",
						"key": "taruga",
						"displayName": "Luis Galhardo",
						"active": true,
						"timeZone": "America/Los_Angeles"
					},
					"created": "2017-12-18T23:52:22.000+0000",
					"updated": "2017-12-18T23:56:38.000+0000"
				},
				{
					"id": "432373",
					"author": {
						"name": "eric.harms@gmail.com",
						"key": "eric.harms@gmail.com",
						"displayName": "eric harms",
						"active": true,
						"timeZone": "America/Los_Angeles"
					},
					"body": "I just did a hard reboot of my machine and now liveview is running.\r\n\r\nhopefully it cleared out whatever it was and Im good.\r\n\r\nThanks again for your help\r\n\r\nEric",
					"updateAuthor": {
						"name": "eric.harms@gmail.com",
						"key": "eric.harms@gmail.com",
						"displayName": "eric harms",
						"active": true,
						"timeZone": "America/Los_Angeles"
					},
					"created": "2017-12-18T23:57:11.000+0000",
					"updated": "2017-12-18T23:57:11.000+0000"
				},
				{
					"id": "432374",
					"author": {
						"name": "eric.harms@gmail.com",
						"key": "eric.harms@gmail.com",
						"displayName": "eric harms",
						"active": true,
						"timeZone": "America/Los_Angeles"
					},
					"body": "just to confirm those 3 fields are empty for me as well.  I do see the logs in terminal running the local ips with the proper ports.\r\n\r\nThanks\r\nEric",
					"updateAuthor": {
						"name": "eric.harms@gmail.com",
						"key": "eric.harms@gmail.com",
						"displayName": "eric harms",
						"active": true,
						"timeZone": "America/Los_Angeles"
					},
					"created": "2017-12-18T23:58:32.000+0000",
					"updated": "2017-12-18T23:58:32.000+0000"
				}
			],
			"maxResults": 30,
			"total": 30,
			"startAt": 0
		}
	}
}